<?xml version="1.0" encoding="UTF-8"?>
<robot generator="Robot 6.1.1 (Python 3.12.0 on win32)" generated="20241020 00:31:14.075" rpa="false" schemaversion="4">
<suite id="s1" name="Api Testing Usuarios" source="c:\Users\lucas\Documents\dev\automação\robot\projeto\api\tests\api_testing_usuarios.robot">
<test id="s1-t1" name="Cenario 01: Cadastrar novo usuário com sucesso na ServerRest" line="8">
<kw name="Criar um usuario novo" library="api_testing_usuarios">
<kw name="Generate Random String" library="String">
<var>${valueRandom}</var>
<arg>10</arg>
<arg>0123456789AaBbCcDdEeFfGgHhIiJjKkLlMmNnOoPpQqRrSsTtUuVv</arg>
<doc>Generates a string with a desired ``length`` from the given ``chars``.</doc>
<msg timestamp="20241020 00:31:14.214" level="INFO">${valueRandom} = kUENosiV4e</msg>
<status status="PASS" starttime="20241020 00:31:14.214" endtime="20241020 00:31:14.216"/>
</kw>
<kw name="Convert To Lower Case" library="String">
<var>${valueRandom}</var>
<arg>${valueRandom}</arg>
<doc>Converts string to lower case.</doc>
<msg timestamp="20241020 00:31:14.216" level="INFO">${valueRandom} = kuenosiv4e</msg>
<status status="PASS" starttime="20241020 00:31:14.216" endtime="20241020 00:31:14.216"/>
</kw>
<kw name="Set Test Variable" library="BuiltIn">
<arg>${EMAIL_TESTE}</arg>
<arg>${valueRandom}@test.com.br</arg>
<doc>Makes a variable available everywhere within the scope of the current test.</doc>
<msg timestamp="20241020 00:31:14.217" level="INFO">${EMAIL_TESTE} = kuenosiv4e@test.com.br</msg>
<status status="PASS" starttime="20241020 00:31:14.216" endtime="20241020 00:31:14.217"/>
</kw>
<kw name="Log To Console" library="BuiltIn">
<arg>email: ${EMAIL_TESTE}</arg>
<doc>Logs the given message to the console.</doc>
<status status="PASS" starttime="20241020 00:31:14.217" endtime="20241020 00:31:14.218"/>
</kw>
<status status="PASS" starttime="20241020 00:31:14.214" endtime="20241020 00:31:14.218"/>
</kw>
<kw name="Cadastrar o usuario criado na ServerRest" library="api_testing_usuarios">
<arg>email=${EMAIL_TESTE}</arg>
<arg>status_code_esperado=201</arg>
<kw name="Create Dictionary" library="BuiltIn">
<var>${body}</var>
<arg>nome=Test Couto</arg>
<arg>email=${EMAIL_TESTE}</arg>
<arg>password=1234</arg>
<arg>administrador=true</arg>
<doc>Creates and returns a dictionary based on the given ``items``.</doc>
<msg timestamp="20241020 00:31:14.219" level="INFO">${body} = {'nome': 'Test Couto', 'email': 'kuenosiv4e@test.com.br', 'password': '1234', 'administrador': 'true'}</msg>
<status status="PASS" starttime="20241020 00:31:14.218" endtime="20241020 00:31:14.219"/>
</kw>
<kw name="Log To Console" library="BuiltIn">
<arg>${body}</arg>
<doc>Logs the given message to the console.</doc>
<status status="PASS" starttime="20241020 00:31:14.219" endtime="20241020 00:31:14.219"/>
</kw>
<kw name="Criar sessao na ServerRest" library="api_testing_usuarios">
<kw name="Create Dictionary" library="BuiltIn">
<var>${headers}</var>
<arg>accept=application/json</arg>
<arg>Content-Type=application/json</arg>
<doc>Creates and returns a dictionary based on the given ``items``.</doc>
<msg timestamp="20241020 00:31:14.220" level="INFO">${headers} = {'accept': 'application/json', 'Content-Type': 'application/json'}</msg>
<status status="PASS" starttime="20241020 00:31:14.220" endtime="20241020 00:31:14.220"/>
</kw>
<kw name="Create Session" library="RequestsLibrary">
<arg>alias=serverRest</arg>
<arg>url=https://serverest.dev</arg>
<arg>headers=${headers}</arg>
<arg>disable_warnings=1</arg>
<doc>Create Session: create a HTTP session to a server</doc>
<msg timestamp="20241020 00:31:14.220" level="INFO">Creating Session using : alias=serverRest, url=https://serverest.dev, headers={'accept': 'application/json', 'Content-Type': 'application/json'},                     cookies={}, auth=None, timeout=None, proxies=None, verify=False,                     debug=0 </msg>
<status status="PASS" starttime="20241020 00:31:14.220" endtime="20241020 00:31:14.221"/>
</kw>
<status status="PASS" starttime="20241020 00:31:14.219" endtime="20241020 00:31:14.221"/>
</kw>
<kw name="POST On Session" library="RequestsLibrary">
<var>${response}</var>
<arg>alias=serverRest</arg>
<arg>url=/usuarios</arg>
<arg>json=${body}</arg>
<arg>expected_status=${status_code_esperado}</arg>
<doc>Sends a POST request on a previously created HTTP Session.</doc>
<msg timestamp="20241020 00:31:14.642" level="INFO">POST Request : url=https://serverest.dev/usuarios 
 path_url=/usuarios 
 headers={'User-Agent': 'python-requests/2.31.0', 'Accept-Encoding': 'gzip, deflate', 'accept': 'application/json', 'Connection': 'keep-alive', 'Content-Type': 'application/json', 'Content-Length': '102'} 
 body=b'{"nome": "Test Couto", "email": "kuenosiv4e@test.com.br", "password": "1234", "administrador": "true"}' 
 </msg>
<msg timestamp="20241020 00:31:14.643" level="INFO">POST Response : url=https://serverest.dev/usuarios 
 status=201, reason=Created 
 headers={'access-control-allow-origin': '*', 'x-dns-prefetch-control': 'off', 'x-frame-options': 'SAMEORIGIN', 'strict-transport-security': 'max-age=15552000; includeSubDomains', 'x-download-options': 'noopen', 'x-content-type-options': 'nosniff', 'x-xss-protection': '1; mode=block', 'content-type': 'application/json; charset=utf-8', 'X-Cloud-Trace-Context': 'ff96e4cbd17661439ee3ffefc0bbf9e7;o=1', 'Date': 'Sun, 20 Oct 2024 03:31:13 GMT', 'Server': 'Google Frontend', 'Content-Length': '82'} 
 body={
    "message": "Cadastro realizado com sucesso",
    "_id": "vd2n9gmnpBTKMe2c"
} 
 </msg>
<msg timestamp="20241020 00:31:14.643" level="INFO">${response} = &lt;Response [201]&gt;</msg>
<status status="PASS" starttime="20241020 00:31:14.221" endtime="20241020 00:31:14.643"/>
</kw>
<if>
<branch type="IF" condition="${response.status_code} != 400">
<kw name="Set Test Variable" library="BuiltIn">
<arg>${ID_USER}</arg>
<arg>${response.json()["_id"]}</arg>
<doc>Makes a variable available everywhere within the scope of the current test.</doc>
<msg timestamp="20241020 00:31:14.644" level="INFO">${ID_USER} = vd2n9gmnpBTKMe2c</msg>
<status status="PASS" starttime="20241020 00:31:14.643" endtime="20241020 00:31:14.644"/>
</kw>
<kw name="Log To Console" library="BuiltIn">
<arg>${ID_USER}</arg>
<doc>Logs the given message to the console.</doc>
<status status="PASS" starttime="20241020 00:31:14.645" endtime="20241020 00:31:14.645"/>
</kw>
<status status="PASS" starttime="20241020 00:31:14.643" endtime="20241020 00:31:14.645"/>
</branch>
<status status="PASS" starttime="20241020 00:31:14.643" endtime="20241020 00:31:14.645"/>
</if>
<kw name="Set Test Variable" library="BuiltIn">
<arg>${RESPONSE}</arg>
<arg>${response.json()}</arg>
<doc>Makes a variable available everywhere within the scope of the current test.</doc>
<msg timestamp="20241020 00:31:14.646" level="INFO">${RESPONSE} = {'message': 'Cadastro realizado com sucesso', '_id': 'vd2n9gmnpBTKMe2c'}</msg>
<status status="PASS" starttime="20241020 00:31:14.645" endtime="20241020 00:31:14.646"/>
</kw>
<status status="PASS" starttime="20241020 00:31:14.218" endtime="20241020 00:31:14.646"/>
</kw>
<kw name="Conferir se usuario foi cadastrado com sucesso" library="api_testing_usuarios">
<kw name="Log To Console" library="BuiltIn">
<arg>${RESPONSE}</arg>
<doc>Logs the given message to the console.</doc>
<status status="PASS" starttime="20241020 00:31:14.647" endtime="20241020 00:31:14.647"/>
</kw>
<kw name="Dictionary Should Contain Item" library="Collections">
<arg>${RESPONSE}</arg>
<arg>message</arg>
<arg>Cadastro realizado com sucesso</arg>
<doc>An item of ``key`` / ``value`` must be found in a ``dictionary``.</doc>
<status status="PASS" starttime="20241020 00:31:14.648" endtime="20241020 00:31:14.648"/>
</kw>
<kw name="Dictionary Should Contain Key" library="Collections">
<arg>${RESPONSE}</arg>
<arg>_id</arg>
<doc>Fails if ``key`` is not found from ``dictionary``.</doc>
<status status="PASS" starttime="20241020 00:31:14.648" endtime="20241020 00:31:14.648"/>
</kw>
<status status="PASS" starttime="20241020 00:31:14.647" endtime="20241020 00:31:14.648"/>
</kw>
<status status="PASS" starttime="20241020 00:31:14.213" endtime="20241020 00:31:14.648"/>
</test>
<test id="s1-t2" name="Cenario 02: Cadastrar um usuário já existente" line="13">
<kw name="Criar um usuario novo" library="api_testing_usuarios">
<kw name="Generate Random String" library="String">
<var>${valueRandom}</var>
<arg>10</arg>
<arg>0123456789AaBbCcDdEeFfGgHhIiJjKkLlMmNnOoPpQqRrSsTtUuVv</arg>
<doc>Generates a string with a desired ``length`` from the given ``chars``.</doc>
<msg timestamp="20241020 00:31:14.650" level="INFO">${valueRandom} = 8BpKvUKDoR</msg>
<status status="PASS" starttime="20241020 00:31:14.650" endtime="20241020 00:31:14.650"/>
</kw>
<kw name="Convert To Lower Case" library="String">
<var>${valueRandom}</var>
<arg>${valueRandom}</arg>
<doc>Converts string to lower case.</doc>
<msg timestamp="20241020 00:31:14.650" level="INFO">${valueRandom} = 8bpkvukdor</msg>
<status status="PASS" starttime="20241020 00:31:14.650" endtime="20241020 00:31:14.650"/>
</kw>
<kw name="Set Test Variable" library="BuiltIn">
<arg>${EMAIL_TESTE}</arg>
<arg>${valueRandom}@test.com.br</arg>
<doc>Makes a variable available everywhere within the scope of the current test.</doc>
<msg timestamp="20241020 00:31:14.651" level="INFO">${EMAIL_TESTE} = 8bpkvukdor@test.com.br</msg>
<status status="PASS" starttime="20241020 00:31:14.650" endtime="20241020 00:31:14.651"/>
</kw>
<kw name="Log To Console" library="BuiltIn">
<arg>email: ${EMAIL_TESTE}</arg>
<doc>Logs the given message to the console.</doc>
<status status="PASS" starttime="20241020 00:31:14.651" endtime="20241020 00:31:14.651"/>
</kw>
<status status="PASS" starttime="20241020 00:31:14.649" endtime="20241020 00:31:14.651"/>
</kw>
<kw name="Cadastrar o usuario criado na ServerRest" library="api_testing_usuarios">
<arg>email=${EMAIL_TESTE}</arg>
<arg>status_code_esperado=201</arg>
<kw name="Create Dictionary" library="BuiltIn">
<var>${body}</var>
<arg>nome=Test Couto</arg>
<arg>email=${EMAIL_TESTE}</arg>
<arg>password=1234</arg>
<arg>administrador=true</arg>
<doc>Creates and returns a dictionary based on the given ``items``.</doc>
<msg timestamp="20241020 00:31:14.652" level="INFO">${body} = {'nome': 'Test Couto', 'email': '8bpkvukdor@test.com.br', 'password': '1234', 'administrador': 'true'}</msg>
<status status="PASS" starttime="20241020 00:31:14.652" endtime="20241020 00:31:14.652"/>
</kw>
<kw name="Log To Console" library="BuiltIn">
<arg>${body}</arg>
<doc>Logs the given message to the console.</doc>
<status status="PASS" starttime="20241020 00:31:14.652" endtime="20241020 00:31:14.652"/>
</kw>
<kw name="Criar sessao na ServerRest" library="api_testing_usuarios">
<kw name="Create Dictionary" library="BuiltIn">
<var>${headers}</var>
<arg>accept=application/json</arg>
<arg>Content-Type=application/json</arg>
<doc>Creates and returns a dictionary based on the given ``items``.</doc>
<msg timestamp="20241020 00:31:14.653" level="INFO">${headers} = {'accept': 'application/json', 'Content-Type': 'application/json'}</msg>
<status status="PASS" starttime="20241020 00:31:14.653" endtime="20241020 00:31:14.653"/>
</kw>
<kw name="Create Session" library="RequestsLibrary">
<arg>alias=serverRest</arg>
<arg>url=https://serverest.dev</arg>
<arg>headers=${headers}</arg>
<arg>disable_warnings=1</arg>
<doc>Create Session: create a HTTP session to a server</doc>
<msg timestamp="20241020 00:31:14.653" level="INFO">Creating Session using : alias=serverRest, url=https://serverest.dev, headers={'accept': 'application/json', 'Content-Type': 'application/json'},                     cookies={}, auth=None, timeout=None, proxies=None, verify=False,                     debug=0 </msg>
<status status="PASS" starttime="20241020 00:31:14.653" endtime="20241020 00:31:14.654"/>
</kw>
<status status="PASS" starttime="20241020 00:31:14.653" endtime="20241020 00:31:14.654"/>
</kw>
<kw name="POST On Session" library="RequestsLibrary">
<var>${response}</var>
<arg>alias=serverRest</arg>
<arg>url=/usuarios</arg>
<arg>json=${body}</arg>
<arg>expected_status=${status_code_esperado}</arg>
<doc>Sends a POST request on a previously created HTTP Session.</doc>
<msg timestamp="20241020 00:31:15.052" level="INFO">POST Request : url=https://serverest.dev/usuarios 
 path_url=/usuarios 
 headers={'User-Agent': 'python-requests/2.31.0', 'Accept-Encoding': 'gzip, deflate', 'accept': 'application/json', 'Connection': 'keep-alive', 'Content-Type': 'application/json', 'Content-Length': '102'} 
 body=b'{"nome": "Test Couto", "email": "8bpkvukdor@test.com.br", "password": "1234", "administrador": "true"}' 
 </msg>
<msg timestamp="20241020 00:31:15.052" level="INFO">POST Response : url=https://serverest.dev/usuarios 
 status=201, reason=Created 
 headers={'access-control-allow-origin': '*', 'x-dns-prefetch-control': 'off', 'x-frame-options': 'SAMEORIGIN', 'strict-transport-security': 'max-age=15552000; includeSubDomains', 'x-download-options': 'noopen', 'x-content-type-options': 'nosniff', 'x-xss-protection': '1; mode=block', 'content-type': 'application/json; charset=utf-8', 'X-Cloud-Trace-Context': '476a7e7f10f01cefad2e90f28eb1771c', 'Date': 'Sun, 20 Oct 2024 03:31:13 GMT', 'Server': 'Google Frontend', 'Content-Length': '82'} 
 body={
    "message": "Cadastro realizado com sucesso",
    "_id": "wnybsyDa7lxCROvT"
} 
 </msg>
<msg timestamp="20241020 00:31:15.052" level="INFO">${response} = &lt;Response [201]&gt;</msg>
<status status="PASS" starttime="20241020 00:31:14.654" endtime="20241020 00:31:15.052"/>
</kw>
<if>
<branch type="IF" condition="${response.status_code} != 400">
<kw name="Set Test Variable" library="BuiltIn">
<arg>${ID_USER}</arg>
<arg>${response.json()["_id"]}</arg>
<doc>Makes a variable available everywhere within the scope of the current test.</doc>
<msg timestamp="20241020 00:31:15.054" level="INFO">${ID_USER} = wnybsyDa7lxCROvT</msg>
<status status="PASS" starttime="20241020 00:31:15.053" endtime="20241020 00:31:15.054"/>
</kw>
<kw name="Log To Console" library="BuiltIn">
<arg>${ID_USER}</arg>
<doc>Logs the given message to the console.</doc>
<status status="PASS" starttime="20241020 00:31:15.054" endtime="20241020 00:31:15.054"/>
</kw>
<status status="PASS" starttime="20241020 00:31:15.053" endtime="20241020 00:31:15.054"/>
</branch>
<status status="PASS" starttime="20241020 00:31:15.052" endtime="20241020 00:31:15.055"/>
</if>
<kw name="Set Test Variable" library="BuiltIn">
<arg>${RESPONSE}</arg>
<arg>${response.json()}</arg>
<doc>Makes a variable available everywhere within the scope of the current test.</doc>
<msg timestamp="20241020 00:31:15.055" level="INFO">${RESPONSE} = {'message': 'Cadastro realizado com sucesso', '_id': 'wnybsyDa7lxCROvT'}</msg>
<status status="PASS" starttime="20241020 00:31:15.055" endtime="20241020 00:31:15.055"/>
</kw>
<status status="PASS" starttime="20241020 00:31:14.652" endtime="20241020 00:31:15.055"/>
</kw>
<kw name="Repetir cadastro do usuario" library="api_testing_usuarios">
<kw name="Cadastrar o usuario criado na ServerRest" library="api_testing_usuarios">
<arg>email=${EMAIL_TESTE}</arg>
<arg>status_code_esperado=400</arg>
<kw name="Create Dictionary" library="BuiltIn">
<var>${body}</var>
<arg>nome=Test Couto</arg>
<arg>email=${EMAIL_TESTE}</arg>
<arg>password=1234</arg>
<arg>administrador=true</arg>
<doc>Creates and returns a dictionary based on the given ``items``.</doc>
<msg timestamp="20241020 00:31:15.056" level="INFO">${body} = {'nome': 'Test Couto', 'email': '8bpkvukdor@test.com.br', 'password': '1234', 'administrador': 'true'}</msg>
<status status="PASS" starttime="20241020 00:31:15.056" endtime="20241020 00:31:15.057"/>
</kw>
<kw name="Log To Console" library="BuiltIn">
<arg>${body}</arg>
<doc>Logs the given message to the console.</doc>
<status status="PASS" starttime="20241020 00:31:15.057" endtime="20241020 00:31:15.057"/>
</kw>
<kw name="Criar sessao na ServerRest" library="api_testing_usuarios">
<kw name="Create Dictionary" library="BuiltIn">
<var>${headers}</var>
<arg>accept=application/json</arg>
<arg>Content-Type=application/json</arg>
<doc>Creates and returns a dictionary based on the given ``items``.</doc>
<msg timestamp="20241020 00:31:15.058" level="INFO">${headers} = {'accept': 'application/json', 'Content-Type': 'application/json'}</msg>
<status status="PASS" starttime="20241020 00:31:15.058" endtime="20241020 00:31:15.058"/>
</kw>
<kw name="Create Session" library="RequestsLibrary">
<arg>alias=serverRest</arg>
<arg>url=https://serverest.dev</arg>
<arg>headers=${headers}</arg>
<arg>disable_warnings=1</arg>
<doc>Create Session: create a HTTP session to a server</doc>
<msg timestamp="20241020 00:31:15.059" level="INFO">Creating Session using : alias=serverRest, url=https://serverest.dev, headers={'accept': 'application/json', 'Content-Type': 'application/json'},                     cookies={}, auth=None, timeout=None, proxies=None, verify=False,                     debug=0 </msg>
<status status="PASS" starttime="20241020 00:31:15.058" endtime="20241020 00:31:15.059"/>
</kw>
<status status="PASS" starttime="20241020 00:31:15.057" endtime="20241020 00:31:15.059"/>
</kw>
<kw name="POST On Session" library="RequestsLibrary">
<var>${response}</var>
<arg>alias=serverRest</arg>
<arg>url=/usuarios</arg>
<arg>json=${body}</arg>
<arg>expected_status=${status_code_esperado}</arg>
<doc>Sends a POST request on a previously created HTTP Session.</doc>
<msg timestamp="20241020 00:31:15.462" level="INFO">POST Request : url=https://serverest.dev/usuarios 
 path_url=/usuarios 
 headers={'User-Agent': 'python-requests/2.31.0', 'Accept-Encoding': 'gzip, deflate', 'accept': 'application/json', 'Connection': 'keep-alive', 'Content-Type': 'application/json', 'Content-Length': '102'} 
 body=b'{"nome": "Test Couto", "email": "8bpkvukdor@test.com.br", "password": "1234", "administrador": "true"}' 
 </msg>
<msg timestamp="20241020 00:31:15.462" level="INFO">POST Response : url=https://serverest.dev/usuarios 
 status=400, reason=Bad Request 
 headers={'access-control-allow-origin': '*', 'x-dns-prefetch-control': 'off', 'x-frame-options': 'SAMEORIGIN', 'strict-transport-security': 'max-age=15552000; includeSubDomains', 'x-download-options': 'noopen', 'x-content-type-options': 'nosniff', 'x-xss-protection': '1; mode=block', 'content-type': 'application/json; charset=utf-8', 'X-Cloud-Trace-Context': 'f17962534f095e216b5d75397e3c422e', 'Date': 'Sun, 20 Oct 2024 03:31:14 GMT', 'Server': 'Google Frontend', 'Content-Length': '53'} 
 body={
    "message": "Este email já está sendo usado"
} 
 </msg>
<msg timestamp="20241020 00:31:15.462" level="INFO">${response} = &lt;Response [400]&gt;</msg>
<status status="PASS" starttime="20241020 00:31:15.059" endtime="20241020 00:31:15.462"/>
</kw>
<if>
<branch type="IF" condition="${response.status_code} != 400">
<kw name="Set Test Variable" library="BuiltIn">
<arg>${ID_USER}</arg>
<arg>${response.json()["_id"]}</arg>
<doc>Makes a variable available everywhere within the scope of the current test.</doc>
<status status="NOT RUN" starttime="20241020 00:31:15.463" endtime="20241020 00:31:15.463"/>
</kw>
<kw name="Log To Console" library="BuiltIn">
<arg>${ID_USER}</arg>
<doc>Logs the given message to the console.</doc>
<status status="NOT RUN" starttime="20241020 00:31:15.463" endtime="20241020 00:31:15.463"/>
</kw>
<status status="NOT RUN" starttime="20241020 00:31:15.462" endtime="20241020 00:31:15.463"/>
</branch>
<status status="PASS" starttime="20241020 00:31:15.462" endtime="20241020 00:31:15.463"/>
</if>
<kw name="Set Test Variable" library="BuiltIn">
<arg>${RESPONSE}</arg>
<arg>${response.json()}</arg>
<doc>Makes a variable available everywhere within the scope of the current test.</doc>
<msg timestamp="20241020 00:31:15.463" level="INFO">${RESPONSE} = {'message': 'Este email já está sendo usado'}</msg>
<status status="PASS" starttime="20241020 00:31:15.463" endtime="20241020 00:31:15.463"/>
</kw>
<status status="PASS" starttime="20241020 00:31:15.056" endtime="20241020 00:31:15.463"/>
</kw>
<status status="PASS" starttime="20241020 00:31:15.056" endtime="20241020 00:31:15.463"/>
</kw>
<kw name="Verificar se api não permite cadastro duplicado" library="api_testing_usuarios">
<kw name="Dictionary Should Contain Item" library="Collections">
<arg>${RESPONSE}</arg>
<arg>message</arg>
<arg>Este email já está sendo usado</arg>
<doc>An item of ``key`` / ``value`` must be found in a ``dictionary``.</doc>
<status status="PASS" starttime="20241020 00:31:15.464" endtime="20241020 00:31:15.464"/>
</kw>
<status status="PASS" starttime="20241020 00:31:15.464" endtime="20241020 00:31:15.464"/>
</kw>
<status status="PASS" starttime="20241020 00:31:14.649" endtime="20241020 00:31:15.465"/>
</test>
<test id="s1-t3" name="Cenario:03: Consultar os dados de um novo usuario" line="19">
<kw name="Criar um usuario novo" library="api_testing_usuarios">
<kw name="Generate Random String" library="String">
<var>${valueRandom}</var>
<arg>10</arg>
<arg>0123456789AaBbCcDdEeFfGgHhIiJjKkLlMmNnOoPpQqRrSsTtUuVv</arg>
<doc>Generates a string with a desired ``length`` from the given ``chars``.</doc>
<msg timestamp="20241020 00:31:15.467" level="INFO">${valueRandom} = L7Gf5sBDLV</msg>
<status status="PASS" starttime="20241020 00:31:15.467" endtime="20241020 00:31:15.467"/>
</kw>
<kw name="Convert To Lower Case" library="String">
<var>${valueRandom}</var>
<arg>${valueRandom}</arg>
<doc>Converts string to lower case.</doc>
<msg timestamp="20241020 00:31:15.468" level="INFO">${valueRandom} = l7gf5sbdlv</msg>
<status status="PASS" starttime="20241020 00:31:15.468" endtime="20241020 00:31:15.468"/>
</kw>
<kw name="Set Test Variable" library="BuiltIn">
<arg>${EMAIL_TESTE}</arg>
<arg>${valueRandom}@test.com.br</arg>
<doc>Makes a variable available everywhere within the scope of the current test.</doc>
<msg timestamp="20241020 00:31:15.468" level="INFO">${EMAIL_TESTE} = l7gf5sbdlv@test.com.br</msg>
<status status="PASS" starttime="20241020 00:31:15.468" endtime="20241020 00:31:15.468"/>
</kw>
<kw name="Log To Console" library="BuiltIn">
<arg>email: ${EMAIL_TESTE}</arg>
<doc>Logs the given message to the console.</doc>
<status status="PASS" starttime="20241020 00:31:15.469" endtime="20241020 00:31:15.469"/>
</kw>
<status status="PASS" starttime="20241020 00:31:15.467" endtime="20241020 00:31:15.469"/>
</kw>
<kw name="Cadastrar o usuario criado na ServerRest" library="api_testing_usuarios">
<arg>email=${EMAIL_TESTE}</arg>
<arg>status_code_esperado=201</arg>
<kw name="Create Dictionary" library="BuiltIn">
<var>${body}</var>
<arg>nome=Test Couto</arg>
<arg>email=${EMAIL_TESTE}</arg>
<arg>password=1234</arg>
<arg>administrador=true</arg>
<doc>Creates and returns a dictionary based on the given ``items``.</doc>
<msg timestamp="20241020 00:31:15.470" level="INFO">${body} = {'nome': 'Test Couto', 'email': 'l7gf5sbdlv@test.com.br', 'password': '1234', 'administrador': 'true'}</msg>
<status status="PASS" starttime="20241020 00:31:15.469" endtime="20241020 00:31:15.470"/>
</kw>
<kw name="Log To Console" library="BuiltIn">
<arg>${body}</arg>
<doc>Logs the given message to the console.</doc>
<status status="PASS" starttime="20241020 00:31:15.470" endtime="20241020 00:31:15.470"/>
</kw>
<kw name="Criar sessao na ServerRest" library="api_testing_usuarios">
<kw name="Create Dictionary" library="BuiltIn">
<var>${headers}</var>
<arg>accept=application/json</arg>
<arg>Content-Type=application/json</arg>
<doc>Creates and returns a dictionary based on the given ``items``.</doc>
<msg timestamp="20241020 00:31:15.471" level="INFO">${headers} = {'accept': 'application/json', 'Content-Type': 'application/json'}</msg>
<status status="PASS" starttime="20241020 00:31:15.471" endtime="20241020 00:31:15.471"/>
</kw>
<kw name="Create Session" library="RequestsLibrary">
<arg>alias=serverRest</arg>
<arg>url=https://serverest.dev</arg>
<arg>headers=${headers}</arg>
<arg>disable_warnings=1</arg>
<doc>Create Session: create a HTTP session to a server</doc>
<msg timestamp="20241020 00:31:15.471" level="INFO">Creating Session using : alias=serverRest, url=https://serverest.dev, headers={'accept': 'application/json', 'Content-Type': 'application/json'},                     cookies={}, auth=None, timeout=None, proxies=None, verify=False,                     debug=0 </msg>
<status status="PASS" starttime="20241020 00:31:15.471" endtime="20241020 00:31:15.471"/>
</kw>
<status status="PASS" starttime="20241020 00:31:15.470" endtime="20241020 00:31:15.472"/>
</kw>
<kw name="POST On Session" library="RequestsLibrary">
<var>${response}</var>
<arg>alias=serverRest</arg>
<arg>url=/usuarios</arg>
<arg>json=${body}</arg>
<arg>expected_status=${status_code_esperado}</arg>
<doc>Sends a POST request on a previously created HTTP Session.</doc>
<msg timestamp="20241020 00:31:15.871" level="INFO">POST Request : url=https://serverest.dev/usuarios 
 path_url=/usuarios 
 headers={'User-Agent': 'python-requests/2.31.0', 'Accept-Encoding': 'gzip, deflate', 'accept': 'application/json', 'Connection': 'keep-alive', 'Content-Type': 'application/json', 'Content-Length': '102'} 
 body=b'{"nome": "Test Couto", "email": "l7gf5sbdlv@test.com.br", "password": "1234", "administrador": "true"}' 
 </msg>
<msg timestamp="20241020 00:31:15.871" level="INFO">POST Response : url=https://serverest.dev/usuarios 
 status=201, reason=Created 
 headers={'access-control-allow-origin': '*', 'x-dns-prefetch-control': 'off', 'x-frame-options': 'SAMEORIGIN', 'strict-transport-security': 'max-age=15552000; includeSubDomains', 'x-download-options': 'noopen', 'x-content-type-options': 'nosniff', 'x-xss-protection': '1; mode=block', 'content-type': 'application/json; charset=utf-8', 'X-Cloud-Trace-Context': '7c542e7ebf310a01a02297815fbc9421', 'Date': 'Sun, 20 Oct 2024 03:31:14 GMT', 'Server': 'Google Frontend', 'Content-Length': '82'} 
 body={
    "message": "Cadastro realizado com sucesso",
    "_id": "kGhOYQK5ulVcVvAu"
} 
 </msg>
<msg timestamp="20241020 00:31:15.871" level="INFO">${response} = &lt;Response [201]&gt;</msg>
<status status="PASS" starttime="20241020 00:31:15.472" endtime="20241020 00:31:15.871"/>
</kw>
<if>
<branch type="IF" condition="${response.status_code} != 400">
<kw name="Set Test Variable" library="BuiltIn">
<arg>${ID_USER}</arg>
<arg>${response.json()["_id"]}</arg>
<doc>Makes a variable available everywhere within the scope of the current test.</doc>
<msg timestamp="20241020 00:31:15.872" level="INFO">${ID_USER} = kGhOYQK5ulVcVvAu</msg>
<status status="PASS" starttime="20241020 00:31:15.872" endtime="20241020 00:31:15.872"/>
</kw>
<kw name="Log To Console" library="BuiltIn">
<arg>${ID_USER}</arg>
<doc>Logs the given message to the console.</doc>
<status status="PASS" starttime="20241020 00:31:15.873" endtime="20241020 00:31:15.873"/>
</kw>
<status status="PASS" starttime="20241020 00:31:15.871" endtime="20241020 00:31:15.873"/>
</branch>
<status status="PASS" starttime="20241020 00:31:15.871" endtime="20241020 00:31:15.873"/>
</if>
<kw name="Set Test Variable" library="BuiltIn">
<arg>${RESPONSE}</arg>
<arg>${response.json()}</arg>
<doc>Makes a variable available everywhere within the scope of the current test.</doc>
<msg timestamp="20241020 00:31:15.874" level="INFO">${RESPONSE} = {'message': 'Cadastro realizado com sucesso', '_id': 'kGhOYQK5ulVcVvAu'}</msg>
<status status="PASS" starttime="20241020 00:31:15.873" endtime="20241020 00:31:15.874"/>
</kw>
<status status="PASS" starttime="20241020 00:31:15.469" endtime="20241020 00:31:15.874"/>
</kw>
<kw name="Consultar os dados do novo usuário" library="api_testing_usuarios">
<kw name="GET On Session" library="RequestsLibrary">
<var>${response}</var>
<arg>alias=serverRest</arg>
<arg>url=/usuarios/${ID_USER}</arg>
<doc>Sends a GET request on a previously created HTTP Session.</doc>
<msg timestamp="20241020 00:31:16.053" level="INFO">GET Request : url=https://serverest.dev/usuarios/kGhOYQK5ulVcVvAu 
 path_url=/usuarios/kGhOYQK5ulVcVvAu 
 headers={'User-Agent': 'python-requests/2.31.0', 'Accept-Encoding': 'gzip, deflate', 'accept': 'application/json', 'Connection': 'keep-alive', 'Content-Type': 'application/json'} 
 body=None 
 </msg>
<msg timestamp="20241020 00:31:16.053" level="INFO">GET Response : url=https://serverest.dev/usuarios/kGhOYQK5ulVcVvAu 
 status=200, reason=OK 
 headers={'access-control-allow-origin': '*', 'x-dns-prefetch-control': 'off', 'x-frame-options': 'SAMEORIGIN', 'strict-transport-security': 'max-age=15552000; includeSubDomains', 'x-download-options': 'noopen', 'x-content-type-options': 'nosniff', 'x-xss-protection': '1; mode=block', 'content-type': 'application/json; charset=utf-8', 'X-Cloud-Trace-Context': 'f4d212264c41165433578551ac5c38ea', 'Date': 'Sun, 20 Oct 2024 03:31:14 GMT', 'Server': 'Google Frontend', 'Content-Length': '151'} 
 body={
    "nome": "Test Couto",
    "email": "l7gf5sbdlv@test.com.br",
    "password": "1234",
    "administrador": "true",
    "_id": "kGhOYQK5ulVcVvAu"
} 
 </msg>
<msg timestamp="20241020 00:31:16.053" level="INFO">${response} = &lt;Response [200]&gt;</msg>
<status status="PASS" starttime="20241020 00:31:15.875" endtime="20241020 00:31:16.053"/>
</kw>
<kw name="Set Test Variable" library="BuiltIn">
<arg>${RESP_RETORNO_DADOS_USER}</arg>
<arg>${response.json()}</arg>
<doc>Makes a variable available everywhere within the scope of the current test.</doc>
<msg timestamp="20241020 00:31:16.054" level="INFO">${RESP_RETORNO_DADOS_USER} = {'nome': 'Test Couto', 'email': 'l7gf5sbdlv@test.com.br', 'password': '1234', 'administrador': 'true', '_id': 'kGhOYQK5ulVcVvAu'}</msg>
<status status="PASS" starttime="20241020 00:31:16.054" endtime="20241020 00:31:16.054"/>
</kw>
<kw name="Log To Console" library="BuiltIn">
<arg>${response.json()}</arg>
<doc>Logs the given message to the console.</doc>
<status status="PASS" starttime="20241020 00:31:16.054" endtime="20241020 00:31:16.055"/>
</kw>
<kw name="Set Test Variable" library="BuiltIn">
<arg>${EMAIL_CAPTURADO}</arg>
<arg>${response.json()["email"]}</arg>
<doc>Makes a variable available everywhere within the scope of the current test.</doc>
<msg timestamp="20241020 00:31:16.056" level="INFO">${EMAIL_CAPTURADO} = l7gf5sbdlv@test.com.br</msg>
<status status="PASS" starttime="20241020 00:31:16.056" endtime="20241020 00:31:16.056"/>
</kw>
<kw name="Log To Console" library="BuiltIn">
<arg>emailCapturado: ${EMAIL_CAPTURADO}</arg>
<doc>Logs the given message to the console.</doc>
<status status="PASS" starttime="20241020 00:31:16.057" endtime="20241020 00:31:16.057"/>
</kw>
<status status="PASS" starttime="20241020 00:31:15.875" endtime="20241020 00:31:16.057"/>
</kw>
<kw name="Conferir os dados retornados" library="api_testing_usuarios">
<kw name="Dictionary Should Contain Item" library="Collections">
<arg>${RESP_RETORNO_DADOS_USER}</arg>
<arg>email</arg>
<arg>${EMAIL_TESTE}</arg>
<doc>An item of ``key`` / ``value`` must be found in a ``dictionary``.</doc>
<status status="PASS" starttime="20241020 00:31:16.058" endtime="20241020 00:31:16.058"/>
</kw>
<status status="PASS" starttime="20241020 00:31:16.058" endtime="20241020 00:31:16.058"/>
</kw>
<status status="PASS" starttime="20241020 00:31:15.466" endtime="20241020 00:31:16.059"/>
</test>
<status status="PASS" starttime="20241020 00:31:14.079" endtime="20241020 00:31:16.060"/>
</suite>
<statistics>
<total>
<stat pass="3" fail="0" skip="0">All Tests</stat>
</total>
<tag>
</tag>
<suite>
<stat pass="3" fail="0" skip="0" id="s1" name="Api Testing Usuarios">Api Testing Usuarios</stat>
</suite>
</statistics>
<errors>
</errors>
</robot>
