<?xml version="1.0" encoding="UTF-8"?>
<robot generator="Robot 6.1.1 (Python 3.12.0 on win32)" generated="20241020 00:00:10.262" rpa="false" schemaversion="4">
<suite id="s1" name="Api Testing Usuarios" source="C:\Users\lucas\Documents\dev\automação\robot\projeto\api\tests\api_testing_usuarios.robot">
<test id="s1-t1" name="Cenario 01: Cadastrar novo usuário com sucesso na ServerRest" line="8">
<kw name="Criar um usuario novo" library="api_testing_usuarios">
<kw name="Generate Random String" library="String">
<var>${valueRandom}</var>
<arg>10</arg>
<arg>0123456789AaBbCcDdEeFfGgHhIiJjKkLlMmNnOoPpQqRrSsTtUuVv</arg>
<doc>Generates a string with a desired ``length`` from the given ``chars``.</doc>
<msg timestamp="20241020 00:00:10.361" level="INFO">${valueRandom} = VSCsVASTNa</msg>
<status status="PASS" starttime="20241020 00:00:10.361" endtime="20241020 00:00:10.361"/>
</kw>
<kw name="Convert To Lower Case" library="String">
<var>${valueRandom}</var>
<arg>${valueRandom}</arg>
<doc>Converts string to lower case.</doc>
<msg timestamp="20241020 00:00:10.361" level="INFO">${valueRandom} = vscsvastna</msg>
<status status="PASS" starttime="20241020 00:00:10.361" endtime="20241020 00:00:10.361"/>
</kw>
<kw name="Set Test Variable" library="BuiltIn">
<arg>${EMAIL_TESTE}</arg>
<arg>${valueRandom}@test.com.br</arg>
<doc>Makes a variable available everywhere within the scope of the current test.</doc>
<msg timestamp="20241020 00:00:10.362" level="INFO">${EMAIL_TESTE} = vscsvastna@test.com.br</msg>
<status status="PASS" starttime="20241020 00:00:10.361" endtime="20241020 00:00:10.362"/>
</kw>
<kw name="Log To Console" library="BuiltIn">
<arg>email: ${EMAIL_TESTE}</arg>
<doc>Logs the given message to the console.</doc>
<status status="PASS" starttime="20241020 00:00:10.362" endtime="20241020 00:00:10.362"/>
</kw>
<status status="PASS" starttime="20241020 00:00:10.361" endtime="20241020 00:00:10.362"/>
</kw>
<kw name="Cadastrar o usuario criado na ServerRest" library="api_testing_usuarios">
<arg>email=${EMAIL_TESTE}</arg>
<arg>status_code_esperado=201</arg>
<kw name="Create Dictionary" library="BuiltIn">
<var>${body}</var>
<arg>nome=Test Couto</arg>
<arg>email=${EMAIL_TESTE}</arg>
<arg>password=1234</arg>
<arg>administrador=true</arg>
<doc>Creates and returns a dictionary based on the given ``items``.</doc>
<msg timestamp="20241020 00:00:10.363" level="INFO">${body} = {'nome': 'Test Couto', 'email': 'vscsvastna@test.com.br', 'password': '1234', 'administrador': 'true'}</msg>
<status status="PASS" starttime="20241020 00:00:10.363" endtime="20241020 00:00:10.363"/>
</kw>
<kw name="Log To Console" library="BuiltIn">
<arg>${body}</arg>
<doc>Logs the given message to the console.</doc>
<status status="PASS" starttime="20241020 00:00:10.363" endtime="20241020 00:00:10.363"/>
</kw>
<kw name="Criar sessao na ServerRest" library="api_testing_usuarios">
<kw name="Create Dictionary" library="BuiltIn">
<var>${headers}</var>
<arg>accept=application/json</arg>
<arg>Content-Type=application/json</arg>
<doc>Creates and returns a dictionary based on the given ``items``.</doc>
<msg timestamp="20241020 00:00:10.363" level="INFO">${headers} = {'accept': 'application/json', 'Content-Type': 'application/json'}</msg>
<status status="PASS" starttime="20241020 00:00:10.363" endtime="20241020 00:00:10.363"/>
</kw>
<kw name="Create Session" library="RequestsLibrary">
<arg>alias=serverRest</arg>
<arg>url=https://serverest.dev</arg>
<arg>headers=${headers}</arg>
<arg>disable_warnings=1</arg>
<doc>Create Session: create a HTTP session to a server</doc>
<msg timestamp="20241020 00:00:10.364" level="INFO">Creating Session using : alias=serverRest, url=https://serverest.dev, headers={'accept': 'application/json', 'Content-Type': 'application/json'},                     cookies={}, auth=None, timeout=None, proxies=None, verify=False,                     debug=0 </msg>
<status status="PASS" starttime="20241020 00:00:10.363" endtime="20241020 00:00:10.364"/>
</kw>
<status status="PASS" starttime="20241020 00:00:10.363" endtime="20241020 00:00:10.364"/>
</kw>
<kw name="POST On Session" library="RequestsLibrary">
<var>${response}</var>
<arg>alias=serverRest</arg>
<arg>url=/usuarios</arg>
<arg>json=${body}</arg>
<arg>expected_status=${status_code_esperado}</arg>
<doc>Sends a POST request on a previously created HTTP Session.</doc>
<msg timestamp="20241020 00:00:10.740" level="INFO">POST Request : url=https://serverest.dev/usuarios 
 path_url=/usuarios 
 headers={'User-Agent': 'python-requests/2.31.0', 'Accept-Encoding': 'gzip, deflate', 'accept': 'application/json', 'Connection': 'keep-alive', 'Content-Type': 'application/json', 'Content-Length': '102'} 
 body=b'{"nome": "Test Couto", "email": "vscsvastna@test.com.br", "password": "1234", "administrador": "true"}' 
 </msg>
<msg timestamp="20241020 00:00:10.740" level="INFO">POST Response : url=https://serverest.dev/usuarios 
 status=201, reason=Created 
 headers={'access-control-allow-origin': '*', 'x-dns-prefetch-control': 'off', 'x-frame-options': 'SAMEORIGIN', 'strict-transport-security': 'max-age=15552000; includeSubDomains', 'x-download-options': 'noopen', 'x-content-type-options': 'nosniff', 'x-xss-protection': '1; mode=block', 'content-type': 'application/json; charset=utf-8', 'X-Cloud-Trace-Context': 'ff91dd74c63a6e3dbee38b8d7d34e5af', 'Date': 'Sun, 20 Oct 2024 03:00:09 GMT', 'Server': 'Google Frontend', 'Content-Length': '82'} 
 body={
    "message": "Cadastro realizado com sucesso",
    "_id": "Z1eaSOL6FCRuxDxM"
} 
 </msg>
<msg timestamp="20241020 00:00:10.741" level="INFO">${response} = &lt;Response [201]&gt;</msg>
<status status="PASS" starttime="20241020 00:00:10.364" endtime="20241020 00:00:10.741"/>
</kw>
<kw name="Set Test Variable" library="BuiltIn">
<arg>${RESPONSE}</arg>
<arg>${response.json()}</arg>
<doc>Makes a variable available everywhere within the scope of the current test.</doc>
<msg timestamp="20241020 00:00:10.741" level="INFO">${RESPONSE} = {'message': 'Cadastro realizado com sucesso', '_id': 'Z1eaSOL6FCRuxDxM'}</msg>
<status status="PASS" starttime="20241020 00:00:10.741" endtime="20241020 00:00:10.741"/>
</kw>
<status status="PASS" starttime="20241020 00:00:10.362" endtime="20241020 00:00:10.741"/>
</kw>
<kw name="Conferir se usuario foi cadastrado com sucesso" library="api_testing_usuarios">
<kw name="Log To Console" library="BuiltIn">
<arg>${RESPONSE}</arg>
<doc>Logs the given message to the console.</doc>
<status status="PASS" starttime="20241020 00:00:10.742" endtime="20241020 00:00:10.742"/>
</kw>
<kw name="Dictionary Should Contain Item" library="Collections">
<arg>${RESPONSE}</arg>
<arg>message</arg>
<arg>Cadastro realizado com sucesso</arg>
<doc>An item of ``key`` / ``value`` must be found in a ``dictionary``.</doc>
<status status="PASS" starttime="20241020 00:00:10.742" endtime="20241020 00:00:10.742"/>
</kw>
<kw name="Dictionary Should Contain Key" library="Collections">
<arg>${RESPONSE}</arg>
<arg>_id</arg>
<doc>Fails if ``key`` is not found from ``dictionary``.</doc>
<status status="PASS" starttime="20241020 00:00:10.742" endtime="20241020 00:00:10.742"/>
</kw>
<status status="PASS" starttime="20241020 00:00:10.742" endtime="20241020 00:00:10.742"/>
</kw>
<status status="PASS" starttime="20241020 00:00:10.360" endtime="20241020 00:00:10.743"/>
</test>
<test id="s1-t2" name="Cenario 02: Cadastrar um usuário já existente" line="13">
<kw name="Criar um usuario novo" library="api_testing_usuarios">
<kw name="Generate Random String" library="String">
<var>${valueRandom}</var>
<arg>10</arg>
<arg>0123456789AaBbCcDdEeFfGgHhIiJjKkLlMmNnOoPpQqRrSsTtUuVv</arg>
<doc>Generates a string with a desired ``length`` from the given ``chars``.</doc>
<msg timestamp="20241020 00:00:10.744" level="INFO">${valueRandom} = LBAaq6o0ff</msg>
<status status="PASS" starttime="20241020 00:00:10.744" endtime="20241020 00:00:10.744"/>
</kw>
<kw name="Convert To Lower Case" library="String">
<var>${valueRandom}</var>
<arg>${valueRandom}</arg>
<doc>Converts string to lower case.</doc>
<msg timestamp="20241020 00:00:10.744" level="INFO">${valueRandom} = lbaaq6o0ff</msg>
<status status="PASS" starttime="20241020 00:00:10.744" endtime="20241020 00:00:10.744"/>
</kw>
<kw name="Set Test Variable" library="BuiltIn">
<arg>${EMAIL_TESTE}</arg>
<arg>${valueRandom}@test.com.br</arg>
<doc>Makes a variable available everywhere within the scope of the current test.</doc>
<msg timestamp="20241020 00:00:10.745" level="INFO">${EMAIL_TESTE} = lbaaq6o0ff@test.com.br</msg>
<status status="PASS" starttime="20241020 00:00:10.744" endtime="20241020 00:00:10.745"/>
</kw>
<kw name="Log To Console" library="BuiltIn">
<arg>email: ${EMAIL_TESTE}</arg>
<doc>Logs the given message to the console.</doc>
<status status="PASS" starttime="20241020 00:00:10.745" endtime="20241020 00:00:10.745"/>
</kw>
<status status="PASS" starttime="20241020 00:00:10.744" endtime="20241020 00:00:10.745"/>
</kw>
<kw name="Cadastrar o usuario criado na ServerRest" library="api_testing_usuarios">
<arg>email=${EMAIL_TESTE}</arg>
<arg>status_code_esperado=201</arg>
<kw name="Create Dictionary" library="BuiltIn">
<var>${body}</var>
<arg>nome=Test Couto</arg>
<arg>email=${EMAIL_TESTE}</arg>
<arg>password=1234</arg>
<arg>administrador=true</arg>
<doc>Creates and returns a dictionary based on the given ``items``.</doc>
<msg timestamp="20241020 00:00:10.745" level="INFO">${body} = {'nome': 'Test Couto', 'email': 'lbaaq6o0ff@test.com.br', 'password': '1234', 'administrador': 'true'}</msg>
<status status="PASS" starttime="20241020 00:00:10.745" endtime="20241020 00:00:10.745"/>
</kw>
<kw name="Log To Console" library="BuiltIn">
<arg>${body}</arg>
<doc>Logs the given message to the console.</doc>
<status status="PASS" starttime="20241020 00:00:10.745" endtime="20241020 00:00:10.746"/>
</kw>
<kw name="Criar sessao na ServerRest" library="api_testing_usuarios">
<kw name="Create Dictionary" library="BuiltIn">
<var>${headers}</var>
<arg>accept=application/json</arg>
<arg>Content-Type=application/json</arg>
<doc>Creates and returns a dictionary based on the given ``items``.</doc>
<msg timestamp="20241020 00:00:10.746" level="INFO">${headers} = {'accept': 'application/json', 'Content-Type': 'application/json'}</msg>
<status status="PASS" starttime="20241020 00:00:10.746" endtime="20241020 00:00:10.746"/>
</kw>
<kw name="Create Session" library="RequestsLibrary">
<arg>alias=serverRest</arg>
<arg>url=https://serverest.dev</arg>
<arg>headers=${headers}</arg>
<arg>disable_warnings=1</arg>
<doc>Create Session: create a HTTP session to a server</doc>
<msg timestamp="20241020 00:00:10.746" level="INFO">Creating Session using : alias=serverRest, url=https://serverest.dev, headers={'accept': 'application/json', 'Content-Type': 'application/json'},                     cookies={}, auth=None, timeout=None, proxies=None, verify=False,                     debug=0 </msg>
<status status="PASS" starttime="20241020 00:00:10.746" endtime="20241020 00:00:10.746"/>
</kw>
<status status="PASS" starttime="20241020 00:00:10.746" endtime="20241020 00:00:10.746"/>
</kw>
<kw name="POST On Session" library="RequestsLibrary">
<var>${response}</var>
<arg>alias=serverRest</arg>
<arg>url=/usuarios</arg>
<arg>json=${body}</arg>
<arg>expected_status=${status_code_esperado}</arg>
<doc>Sends a POST request on a previously created HTTP Session.</doc>
<msg timestamp="20241020 00:00:11.125" level="INFO">POST Request : url=https://serverest.dev/usuarios 
 path_url=/usuarios 
 headers={'User-Agent': 'python-requests/2.31.0', 'Accept-Encoding': 'gzip, deflate', 'accept': 'application/json', 'Connection': 'keep-alive', 'Content-Type': 'application/json', 'Content-Length': '102'} 
 body=b'{"nome": "Test Couto", "email": "lbaaq6o0ff@test.com.br", "password": "1234", "administrador": "true"}' 
 </msg>
<msg timestamp="20241020 00:00:11.125" level="INFO">POST Response : url=https://serverest.dev/usuarios 
 status=201, reason=Created 
 headers={'access-control-allow-origin': '*', 'x-dns-prefetch-control': 'off', 'x-frame-options': 'SAMEORIGIN', 'strict-transport-security': 'max-age=15552000; includeSubDomains', 'x-download-options': 'noopen', 'x-content-type-options': 'nosniff', 'x-xss-protection': '1; mode=block', 'content-type': 'application/json; charset=utf-8', 'X-Cloud-Trace-Context': 'e8cca86b42cbf60ffe20d543af5f6a1a', 'Date': 'Sun, 20 Oct 2024 03:00:09 GMT', 'Server': 'Google Frontend', 'Content-Length': '82'} 
 body={
    "message": "Cadastro realizado com sucesso",
    "_id": "MLMKsnlKfaFaDiyG"
} 
 </msg>
<msg timestamp="20241020 00:00:11.125" level="INFO">${response} = &lt;Response [201]&gt;</msg>
<status status="PASS" starttime="20241020 00:00:10.746" endtime="20241020 00:00:11.125"/>
</kw>
<kw name="Set Test Variable" library="BuiltIn">
<arg>${RESPONSE}</arg>
<arg>${response.json()}</arg>
<doc>Makes a variable available everywhere within the scope of the current test.</doc>
<msg timestamp="20241020 00:00:11.126" level="INFO">${RESPONSE} = {'message': 'Cadastro realizado com sucesso', '_id': 'MLMKsnlKfaFaDiyG'}</msg>
<status status="PASS" starttime="20241020 00:00:11.125" endtime="20241020 00:00:11.126"/>
</kw>
<status status="PASS" starttime="20241020 00:00:10.745" endtime="20241020 00:00:11.126"/>
</kw>
<kw name="Repetir cadastro do usuario" library="api_testing_usuarios">
<kw name="Cadastrar o usuario criado na ServerRest" library="api_testing_usuarios">
<arg>email=${EMAIL_TESTE}</arg>
<arg>status_code_esperado=400</arg>
<kw name="Create Dictionary" library="BuiltIn">
<var>${body}</var>
<arg>nome=Test Couto</arg>
<arg>email=${EMAIL_TESTE}</arg>
<arg>password=1234</arg>
<arg>administrador=true</arg>
<doc>Creates and returns a dictionary based on the given ``items``.</doc>
<msg timestamp="20241020 00:00:11.127" level="INFO">${body} = {'nome': 'Test Couto', 'email': 'lbaaq6o0ff@test.com.br', 'password': '1234', 'administrador': 'true'}</msg>
<status status="PASS" starttime="20241020 00:00:11.127" endtime="20241020 00:00:11.127"/>
</kw>
<kw name="Log To Console" library="BuiltIn">
<arg>${body}</arg>
<doc>Logs the given message to the console.</doc>
<status status="PASS" starttime="20241020 00:00:11.127" endtime="20241020 00:00:11.127"/>
</kw>
<kw name="Criar sessao na ServerRest" library="api_testing_usuarios">
<kw name="Create Dictionary" library="BuiltIn">
<var>${headers}</var>
<arg>accept=application/json</arg>
<arg>Content-Type=application/json</arg>
<doc>Creates and returns a dictionary based on the given ``items``.</doc>
<msg timestamp="20241020 00:00:11.127" level="INFO">${headers} = {'accept': 'application/json', 'Content-Type': 'application/json'}</msg>
<status status="PASS" starttime="20241020 00:00:11.127" endtime="20241020 00:00:11.127"/>
</kw>
<kw name="Create Session" library="RequestsLibrary">
<arg>alias=serverRest</arg>
<arg>url=https://serverest.dev</arg>
<arg>headers=${headers}</arg>
<arg>disable_warnings=1</arg>
<doc>Create Session: create a HTTP session to a server</doc>
<msg timestamp="20241020 00:00:11.128" level="INFO">Creating Session using : alias=serverRest, url=https://serverest.dev, headers={'accept': 'application/json', 'Content-Type': 'application/json'},                     cookies={}, auth=None, timeout=None, proxies=None, verify=False,                     debug=0 </msg>
<status status="PASS" starttime="20241020 00:00:11.128" endtime="20241020 00:00:11.128"/>
</kw>
<status status="PASS" starttime="20241020 00:00:11.127" endtime="20241020 00:00:11.128"/>
</kw>
<kw name="POST On Session" library="RequestsLibrary">
<var>${response}</var>
<arg>alias=serverRest</arg>
<arg>url=/usuarios</arg>
<arg>json=${body}</arg>
<arg>expected_status=${status_code_esperado}</arg>
<doc>Sends a POST request on a previously created HTTP Session.</doc>
<msg timestamp="20241020 00:00:11.560" level="INFO">POST Request : url=https://serverest.dev/usuarios 
 path_url=/usuarios 
 headers={'User-Agent': 'python-requests/2.31.0', 'Accept-Encoding': 'gzip, deflate', 'accept': 'application/json', 'Connection': 'keep-alive', 'Content-Type': 'application/json', 'Content-Length': '102'} 
 body=b'{"nome": "Test Couto", "email": "lbaaq6o0ff@test.com.br", "password": "1234", "administrador": "true"}' 
 </msg>
<msg timestamp="20241020 00:00:11.560" level="INFO">POST Response : url=https://serverest.dev/usuarios 
 status=400, reason=Bad Request 
 headers={'access-control-allow-origin': '*', 'x-dns-prefetch-control': 'off', 'x-frame-options': 'SAMEORIGIN', 'strict-transport-security': 'max-age=15552000; includeSubDomains', 'x-download-options': 'noopen', 'x-content-type-options': 'nosniff', 'x-xss-protection': '1; mode=block', 'content-type': 'application/json; charset=utf-8', 'X-Cloud-Trace-Context': '265cd8df2126050093216b3232a62b1a', 'Date': 'Sun, 20 Oct 2024 03:00:10 GMT', 'Server': 'Google Frontend', 'Content-Length': '53'} 
 body={
    "message": "Este email já está sendo usado"
} 
 </msg>
<msg timestamp="20241020 00:00:11.560" level="INFO">${response} = &lt;Response [400]&gt;</msg>
<status status="PASS" starttime="20241020 00:00:11.128" endtime="20241020 00:00:11.560"/>
</kw>
<kw name="Set Test Variable" library="BuiltIn">
<arg>${RESPONSE}</arg>
<arg>${response.json()}</arg>
<doc>Makes a variable available everywhere within the scope of the current test.</doc>
<msg timestamp="20241020 00:00:11.561" level="INFO">${RESPONSE} = {'message': 'Este email já está sendo usado'}</msg>
<status status="PASS" starttime="20241020 00:00:11.560" endtime="20241020 00:00:11.561"/>
</kw>
<status status="PASS" starttime="20241020 00:00:11.126" endtime="20241020 00:00:11.561"/>
</kw>
<status status="PASS" starttime="20241020 00:00:11.126" endtime="20241020 00:00:11.561"/>
</kw>
<kw name="Verificar se api não permite cadastro duplicado" library="api_testing_usuarios">
<kw name="Dictionary Should Contain Item" library="Collections">
<arg>${RESPONSE}</arg>
<arg>message</arg>
<arg>Este email já está sendo usado</arg>
<doc>An item of ``key`` / ``value`` must be found in a ``dictionary``.</doc>
<status status="PASS" starttime="20241020 00:00:11.562" endtime="20241020 00:00:11.562"/>
</kw>
<status status="PASS" starttime="20241020 00:00:11.562" endtime="20241020 00:00:11.562"/>
</kw>
<status status="PASS" starttime="20241020 00:00:10.744" endtime="20241020 00:00:11.562"/>
</test>
<status status="PASS" starttime="20241020 00:00:10.263" endtime="20241020 00:00:11.563"/>
</suite>
<statistics>
<total>
<stat pass="2" fail="0" skip="0">All Tests</stat>
</total>
<tag>
</tag>
<suite>
<stat pass="2" fail="0" skip="0" id="s1" name="Api Testing Usuarios">Api Testing Usuarios</stat>
</suite>
</statistics>
<errors>
</errors>
</robot>
